2025-05-11 19:06:39,540 - INFO - Starting Swedish stocks data load
2025-05-11 19:06:39,560 - INFO - Connecting to Supabase
2025-05-11 19:06:41,560 - INFO - Connected to Supabase successfully
2025-05-11 19:06:42,649 - INFO - Processing ERIC-B.ST
2025-05-11 19:06:44,940 - ERROR - Error processing ERIC-B.ST: Too Many Requests. Rate limited. Try after a while.
2025-05-11 19:06:44,940 - INFO - Processing VOLV-B.ST
2025-05-11 19:06:45,203 - ERROR - Error processing VOLV-B.ST: Too Many Requests. Rate limited. Try after a while.
2025-05-11 19:06:45,203 - INFO - Processing SAND.ST
2025-05-11 19:06:46,048 - ERROR - Error processing SAND.ST: Too Many Requests. Rate limited. Try after a while.
2025-05-11 19:06:46,048 - INFO - Processing SEB-A.ST
2025-05-11 19:06:46,922 - ERROR - Error processing SEB-A.ST: Too Many Requests. Rate limited. Try after a while.
2025-05-11 19:06:46,922 - INFO - Processing ASSA-B.ST
2025-05-11 19:06:48,031 - ERROR - Error processing ASSA-B.ST: Too Many Requests. Rate limited. Try after a while.
2025-05-11 19:06:48,031 - INFO - Processing ATCO-A.ST
2025-05-11 19:06:48,947 - ERROR - Error processing ATCO-A.ST: Too Many Requests. Rate limited. Try after a while.
2025-05-11 19:06:48,947 - INFO - Processing SHB-A.ST
2025-05-11 19:06:49,764 - ERROR - Error processing SHB-A.ST: Too Many Requests. Rate limited. Try after a while.
2025-05-11 19:06:49,764 - INFO - Processing INVE-B.ST
2025-05-11 19:06:50,597 - ERROR - Error processing INVE-B.ST: Too Many Requests. Rate limited. Try after a while.
2025-05-11 19:06:50,597 - INFO - Processing EVO.ST
2025-05-11 19:06:51,596 - ERROR - Error processing EVO.ST: Too Many Requests. Rate limited. Try after a while.
2025-05-11 19:06:51,596 - INFO - Processing SWED-A.ST
2025-05-11 19:06:52,746 - ERROR - Error processing SWED-A.ST: Too Many Requests. Rate limited. Try after a while.
2025-05-11 19:06:52,746 - INFO - Completed loading Swedish stocks data
