2025-05-11 19:11:51,779 - INFO - Starting Swedish stocks data load using Alpha Vantage API
2025-05-11 19:11:51,800 - INFO - Connecting to Supabase
2025-05-11 19:11:53,072 - INFO - Connected to Supabase successfully
2025-05-11 19:11:53,072 - INFO - Processing ERIC-B.ST
2025-05-11 19:11:53,072 - INFO - Fetching company overview for ERIC-B.ST
2025-05-11 19:11:53,327 - ERROR - Failed to get company overview for ERIC-B.ST: {}
2025-05-11 19:11:53,327 - INFO - Fetching daily prices for ERIC-B.ST
2025-05-11 19:11:53,497 - ERROR - Failed to get daily prices for ERIC-B.ST: {}
2025-05-11 19:11:53,497 - INFO - Fetching weekly prices for ERIC-B.ST
2025-05-11 19:11:53,961 - ERROR - Failed to get weekly prices for ERIC-B.ST: {}
2025-05-11 19:11:53,962 - INFO - Fetching monthly prices for ERIC-B.ST
2025-05-11 19:11:54,404 - ERROR - Failed to get monthly prices for ERIC-B.ST: {}
2025-05-11 19:11:54,405 - INFO - Completed processing ERIC-B.ST
2025-05-11 19:11:54,405 - INFO - Waiting 2 seconds between stocks...
2025-05-11 19:11:56,407 - INFO - Processing VOLV-B.ST
2025-05-11 19:11:56,407 - INFO - Fetching company overview for VOLV-B.ST
2025-05-11 19:11:56,585 - ERROR - Failed to get company overview for VOLV-B.ST: {}
2025-05-11 19:11:56,586 - INFO - Waiting 65 seconds to respect API rate limits...
2025-05-11 19:13:01,587 - INFO - Fetching daily prices for VOLV-B.ST
2025-05-11 19:13:01,746 - ERROR - Failed to get daily prices for VOLV-B.ST: {}
2025-05-11 19:13:01,746 - INFO - Fetching weekly prices for VOLV-B.ST
2025-05-11 19:13:02,208 - ERROR - Failed to get weekly prices for VOLV-B.ST: {}
2025-05-11 19:13:02,208 - INFO - Fetching monthly prices for VOLV-B.ST
2025-05-11 19:13:02,394 - ERROR - Failed to get monthly prices for VOLV-B.ST: {}
2025-05-11 19:13:02,394 - INFO - Completed processing VOLV-B.ST
2025-05-11 19:13:02,394 - INFO - Waiting 2 seconds between stocks...
2025-05-11 19:13:04,398 - INFO - Processing SAND.ST
2025-05-11 19:13:04,398 - INFO - Fetching company overview for SAND.ST
2025-05-11 19:13:04,559 - ERROR - Failed to get company overview for SAND.ST: {}
2025-05-11 19:13:04,559 - INFO - Fetching daily prices for SAND.ST
2025-05-11 19:13:04,708 - ERROR - Failed to get daily prices for SAND.ST: {}
2025-05-11 19:13:04,708 - INFO - Waiting 65 seconds to respect API rate limits...
2025-05-11 19:15:07,300 - INFO - Starting stock data load using Alpha Vantage API
2025-05-11 19:15:07,302 - INFO - Connecting to Supabase
2025-05-11 19:15:09,216 - INFO - Connected to Supabase successfully
2025-05-11 19:15:22,706 - INFO - Loading Swedish stocks
2025-05-11 19:15:22,706 - INFO - Processing ERIC-B.ST (Alpha Vantage: ERIC-B.STO)
2025-05-11 19:15:22,706 - INFO - Fetching company overview for ERIC-B.STO
2025-05-11 19:15:22,922 - ERROR - Failed to get company overview for ERIC-B.STO: {}
2025-05-11 19:15:22,922 - INFO - Using backup data for ERIC-B.ST
2025-05-11 19:15:23,469 - INFO - Saved fundamental data for ERIC-B.ST
2025-05-11 19:15:23,469 - INFO - Fetching daily prices for ERIC-B.STO
2025-05-11 19:15:23,620 - ERROR - Failed to get daily prices for ERIC-B.STO: {'Information': 'Thank you for using Alpha Vantage! This is a premium endpoint. You may subscribe to any of the premium plans at https://www.alphavantage.co/premium/ to instantly unlock all premium endpoints'}
2025-05-11 19:15:23,620 - INFO - Fetching weekly prices for ERIC-B.STO
2025-05-11 19:15:24,018 - ERROR - Failed to get weekly prices for ERIC-B.STO: {'Error Message': 'Invalid API call. Please retry or visit the documentation (https://www.alphavantage.co/documentation/) for TIME_SERIES_WEEKLY_ADJUSTED.'}
2025-05-11 19:15:24,018 - INFO - Fetching monthly prices for ERIC-B.STO
2025-05-11 19:15:24,221 - ERROR - Failed to get monthly prices for ERIC-B.STO: {'Error Message': 'Invalid API call. Please retry or visit the documentation (https://www.alphavantage.co/documentation/) for TIME_SERIES_MONTHLY_ADJUSTED.'}
2025-05-11 19:15:24,222 - INFO - Completed processing ERIC-B.ST
2025-05-11 19:15:24,222 - INFO - Processing VOLV-B.ST (Alpha Vantage: VOLV-B.STO)
2025-05-11 19:15:24,222 - INFO - Fetching company overview for VOLV-B.STO
2025-05-11 19:15:24,424 - ERROR - Failed to get company overview for VOLV-B.STO: {}
2025-05-11 19:15:24,426 - INFO - Using backup data for VOLV-B.ST
2025-05-11 19:15:24,540 - INFO - Saved fundamental data for VOLV-B.ST
2025-05-11 19:15:24,540 - INFO - Waiting 63.2 seconds to respect API rate limits...
2025-05-11 19:16:27,719 - INFO - Fetching daily prices for VOLV-B.STO
2025-05-11 19:16:27,900 - ERROR - Failed to get daily prices for VOLV-B.STO: {'Information': 'Thank you for using Alpha Vantage! This is a premium endpoint. You may subscribe to any of the premium plans at https://www.alphavantage.co/premium/ to instantly unlock all premium endpoints'}
2025-05-11 19:16:27,900 - INFO - Fetching weekly prices for VOLV-B.STO
2025-05-11 19:16:28,091 - ERROR - Failed to get weekly prices for VOLV-B.STO: {'Error Message': 'Invalid API call. Please retry or visit the documentation (https://www.alphavantage.co/documentation/) for TIME_SERIES_WEEKLY_ADJUSTED.'}
2025-05-11 19:16:28,092 - INFO - Fetching monthly prices for VOLV-B.STO
2025-05-11 19:16:28,381 - ERROR - Failed to get monthly prices for VOLV-B.STO: {'Error Message': 'Invalid API call. Please retry or visit the documentation (https://www.alphavantage.co/documentation/) for TIME_SERIES_MONTHLY_ADJUSTED.'}
2025-05-11 19:16:28,381 - INFO - Completed processing VOLV-B.ST
2025-05-11 19:16:28,381 - INFO - Processing SAND.ST (Alpha Vantage: SAND.STO)
2025-05-11 19:16:28,381 - INFO - Fetching company overview for SAND.STO
2025-05-11 19:16:28,548 - ERROR - Failed to get company overview for SAND.STO: {}
2025-05-11 19:16:28,548 - INFO - Using backup data for SAND.ST
2025-05-11 19:16:28,788 - INFO - Saved fundamental data for SAND.ST
2025-05-11 19:16:28,788 - INFO - Fetching daily prices for SAND.STO
2025-05-11 19:16:28,964 - ERROR - Failed to get daily prices for SAND.STO: {'Information': 'Thank you for using Alpha Vantage! This is a premium endpoint. You may subscribe to any of the premium plans at https://www.alphavantage.co/premium/ to instantly unlock all premium endpoints'}
2025-05-11 19:16:28,964 - INFO - Waiting 63.8 seconds to respect API rate limits...
2025-05-11 19:17:32,729 - INFO - Fetching weekly prices for SAND.STO
2025-05-11 19:17:33,163 - ERROR - Failed to get weekly prices for SAND.STO: {'Error Message': 'Invalid API call. Please retry or visit the documentation (https://www.alphavantage.co/documentation/) for TIME_SERIES_WEEKLY_ADJUSTED.'}
2025-05-11 19:17:33,164 - INFO - Fetching monthly prices for SAND.STO
2025-05-11 19:17:33,608 - ERROR - Failed to get monthly prices for SAND.STO: {'Error Message': 'Invalid API call. Please retry or visit the documentation (https://www.alphavantage.co/documentation/) for TIME_SERIES_MONTHLY_ADJUSTED.'}
2025-05-11 19:17:33,608 - INFO - Completed processing SAND.ST
2025-05-11 19:17:33,608 - INFO - Processing SEB-A.ST (Alpha Vantage: SEB-A.STO)
2025-05-11 19:17:33,608 - INFO - Fetching company overview for SEB-A.STO
2025-05-11 19:17:33,867 - ERROR - Failed to get company overview for SEB-A.STO: {}
2025-05-11 19:17:33,867 - INFO - Using backup data for SEB-A.ST
2025-05-11 19:17:34,256 - INFO - Saved fundamental data for SEB-A.ST
2025-05-11 19:17:34,256 - INFO - Fetching daily prices for SEB-A.STO
2025-05-11 19:17:34,667 - ERROR - Failed to get daily prices for SEB-A.STO: {'Information': 'Thank you for using Alpha Vantage! This is a premium endpoint. You may subscribe to any of the premium plans at https://www.alphavantage.co/premium/ to instantly unlock all premium endpoints'}
2025-05-11 19:17:34,668 - INFO - Fetching weekly prices for SEB-A.STO
2025-05-11 19:17:34,861 - ERROR - Failed to get weekly prices for SEB-A.STO: {'Error Message': 'Invalid API call. Please retry or visit the documentation (https://www.alphavantage.co/documentation/) for TIME_SERIES_WEEKLY_ADJUSTED.'}
2025-05-11 19:17:34,862 - INFO - Waiting 62.9 seconds to respect API rate limits...
2025-05-11 19:18:37,731 - INFO - Fetching monthly prices for SEB-A.STO
2025-05-11 19:18:37,972 - ERROR - Failed to get monthly prices for SEB-A.STO: {'Error Message': 'Invalid API call. Please retry or visit the documentation (https://www.alphavantage.co/documentation/) for TIME_SERIES_MONTHLY_ADJUSTED.'}
2025-05-11 19:18:37,973 - INFO - Completed processing SEB-A.ST
2025-05-11 19:18:37,973 - INFO - Processing ASSA-B.ST (Alpha Vantage: ASSA-B.STO)
2025-05-11 19:18:37,974 - INFO - Fetching company overview for ASSA-B.STO
2025-05-11 19:18:38,168 - ERROR - Failed to get company overview for ASSA-B.STO: {}
2025-05-11 19:18:38,168 - INFO - Using backup data for ASSA-B.ST
2025-05-11 19:18:38,636 - INFO - Saved fundamental data for ASSA-B.ST
2025-05-11 19:18:38,636 - INFO - Fetching daily prices for ASSA-B.STO
2025-05-11 19:18:38,830 - ERROR - Failed to get daily prices for ASSA-B.STO: {'Information': 'Thank you for using Alpha Vantage! This is a premium endpoint. You may subscribe to any of the premium plans at https://www.alphavantage.co/premium/ to instantly unlock all premium endpoints'}
2025-05-11 19:18:38,831 - INFO - Fetching weekly prices for ASSA-B.STO
2025-05-11 19:18:39,322 - ERROR - Failed to get weekly prices for ASSA-B.STO: {'Error Message': 'Invalid API call. Please retry or visit the documentation (https://www.alphavantage.co/documentation/) for TIME_SERIES_WEEKLY_ADJUSTED.'}
2025-05-11 19:18:39,323 - INFO - Fetching monthly prices for ASSA-B.STO
2025-05-11 19:18:39,543 - ERROR - Failed to get monthly prices for ASSA-B.STO: {'Error Message': 'Invalid API call. Please retry or visit the documentation (https://www.alphavantage.co/documentation/) for TIME_SERIES_MONTHLY_ADJUSTED.'}
2025-05-11 19:18:39,544 - INFO - Completed processing ASSA-B.ST
2025-05-11 19:18:39,544 - INFO - Processing ATCO-A.ST (Alpha Vantage: ATCO-A.STO)
2025-05-11 19:18:39,544 - INFO - Waiting 63.2 seconds to respect API rate limits...
2025-05-11 19:19:42,732 - INFO - Fetching company overview for ATCO-A.STO
2025-05-11 19:19:42,913 - ERROR - Failed to get company overview for ATCO-A.STO: {}
2025-05-11 19:19:42,914 - INFO - Using backup data for ATCO-A.ST
2025-05-11 19:19:43,237 - INFO - Saved fundamental data for ATCO-A.ST
2025-05-11 19:19:43,237 - INFO - Fetching daily prices for ATCO-A.STO
2025-05-11 19:19:43,424 - ERROR - Failed to get daily prices for ATCO-A.STO: {'Information': 'Thank you for using Alpha Vantage! This is a premium endpoint. You may subscribe to any of the premium plans at https://www.alphavantage.co/premium/ to instantly unlock all premium endpoints'}
2025-05-11 19:19:43,425 - INFO - Fetching weekly prices for ATCO-A.STO
2025-05-11 19:19:43,639 - ERROR - Failed to get weekly prices for ATCO-A.STO: {'Error Message': 'Invalid API call. Please retry or visit the documentation (https://www.alphavantage.co/documentation/) for TIME_SERIES_WEEKLY_ADJUSTED.'}
2025-05-11 19:19:43,640 - INFO - Fetching monthly prices for ATCO-A.STO
2025-05-11 19:19:44,124 - ERROR - Failed to get monthly prices for ATCO-A.STO: {'Error Message': 'Invalid API call. Please retry or visit the documentation (https://www.alphavantage.co/documentation/) for TIME_SERIES_MONTHLY_ADJUSTED.'}
2025-05-11 19:19:44,132 - INFO - Completed processing ATCO-A.ST
2025-05-11 19:19:44,132 - INFO - Processing SHB-A.ST (Alpha Vantage: SHB-A.STO)
2025-05-11 19:19:44,132 - INFO - Fetching company overview for SHB-A.STO
2025-05-11 19:19:44,306 - ERROR - Failed to get company overview for SHB-A.STO: {}
2025-05-11 19:19:44,307 - INFO - Using backup data for SHB-A.ST
2025-05-11 19:19:44,482 - INFO - Saved fundamental data for SHB-A.ST
2025-05-11 19:19:44,482 - INFO - Waiting 63.2 seconds to respect API rate limits...
