2025-05-11 19:50:45,279 - INFO - Testing 10 tickers from csv/updated_mid.csv
2025-05-11 19:50:45,280 - INFO - Processing 1/10: ACAD (Yahoo Finance)
2025-05-11 19:50:45,347 - ERROR - Error testing Yahoo ticker ACAD: Expecting value: line 1 column 1 (char 0)
2025-05-11 19:50:45,556 - INFO - Found valid Alpha Vantage ticker: ACAD
2025-05-11 19:50:47,557 - INFO - Processing 2/10: AOI (Yahoo Finance)
2025-05-11 19:50:47,589 - ERROR - Error testing Yahoo ticker AOI: Expecting value: line 1 column 1 (char 0)
2025-05-11 19:50:50,544 - INFO - Processing 3/10: ALIG.ST (Yahoo Finance)
2025-05-11 19:50:50,561 - ERROR - Error testing Yahoo ticker ALIG.ST: Expecting value: line 1 column 1 (char 0)
2025-05-11 19:50:55,763 - INFO - Processing 4/10: ALLIGO-B.ST (Yahoo Finance)
2025-05-11 19:50:55,778 - ERROR - Error testing Yahoo ticker ALLIGO-B.ST: Expecting value: line 1 column 1 (char 0)
2025-05-11 19:51:03,195 - INFO - Processing 5/10: AMBEA.ST (Yahoo Finance)
2025-05-11 19:51:03,233 - ERROR - Error testing Yahoo ticker AMBEA.ST: Expecting value: line 1 column 1 (char 0)
2025-05-11 19:51:07,811 - INFO - Processing 6/10: APOTEA.ST (Yahoo Finance)
2025-05-11 19:51:07,828 - ERROR - Error testing Yahoo ticker APOTEA.ST: Expecting value: line 1 column 1 (char 0)
2025-05-11 19:51:12,371 - INFO - Processing 7/10: AQ.ST (Yahoo Finance)
2025-05-11 19:51:12,396 - ERROR - Error testing Yahoo ticker AQ.ST: Expecting value: line 1 column 1 (char 0)
2025-05-11 19:51:17,149 - INFO - Processing 8/10: ARP (Yahoo Finance)
2025-05-11 19:51:17,183 - ERROR - Error testing Yahoo ticker ARP: Expecting value: line 1 column 1 (char 0)
2025-05-11 19:51:20,097 - INFO - Processing 9/10: ARISE.ST (Yahoo Finance)
2025-05-11 19:51:20,116 - ERROR - Error testing Yahoo ticker ARISE.ST: Expecting value: line 1 column 1 (char 0)
2025-05-11 19:51:24,691 - INFO - Processing 10/10: ARJO-B.ST (Yahoo Finance)
2025-05-11 19:51:24,712 - ERROR - Error testing Yahoo ticker ARJO-B.ST: Expecting value: line 1 column 1 (char 0)
2025-05-11 19:51:29,939 - INFO - Saved intermediate results to ticker_mapping_results_0_10.csv
2025-05-11 19:51:31,943 - INFO - Saved final results to ticker_mapping_results_0.csv
2025-05-11 19:51:31,943 - INFO - Results Summary:
2025-05-11 19:51:31,944 - INFO - Total tickers tested: 10
2025-05-11 19:51:31,944 - INFO - Valid Yahoo tickers: 0 (0.0%)
2025-05-11 19:51:31,944 - INFO - Valid Alpha Vantage tickers: 1 (10.0%)
2025-05-11 19:51:31,962 - INFO - Created consolidated mapping file with 1 tickers
2025-05-11 20:04:39,635 - INFO - Testing 2 tickers from csv/updated_mid.csv
2025-05-11 20:04:39,635 - INFO - Processing 1/2: ACAD (Yahoo Finance)
2025-05-11 20:04:39,682 - ERROR - Error testing Yahoo ticker ACAD: Expecting value: line 1 column 1 (char 0)
2025-05-11 20:04:42,633 - INFO - Processing 2/2: AOI (Yahoo Finance)
2025-05-11 20:04:42,657 - ERROR - Error testing Yahoo ticker AOI: Expecting value: line 1 column 1 (char 0)
2025-05-11 20:04:45,967 - INFO - Saved final results to ticker_mapping_results_0.csv
2025-05-11 20:04:45,967 - INFO - Results Summary:
2025-05-11 20:04:45,967 - INFO - Total tickers tested: 2
2025-05-11 20:04:45,967 - INFO - Valid Yahoo tickers: 0 (0.0%)
2025-05-11 20:04:45,967 - INFO - Valid Alpha Vantage tickers: 0 (0.0%)
2025-05-11 20:04:45,996 - INFO - Created consolidated mapping file with 0 tickers
